Step: build-step-credential-initializer-vm6nw:

Unable to retrieve container logs for docker://fb075b5222d36e73043f4ba7dd990c515ce4fa06ff25e82c0902b7a2f54b1b23
Step: build-step-working-dir-initializer-xxkws:

Unable to retrieve container logs for docker://ae48bf165363651023bf8b537313e96debea63c30925cb421a50ce64e46f2622
Step: build-step-place-tools:

Unable to retrieve container logs for docker://b2d423abb4682829dff14df2866af97c7845538f06d0cd084963b1df203cdd35
Step: build-step-git-source-jenkins-x-go-scm-pr-19-tekton-t48xl:

{"level":"warn","ts":1565189314.4240122,"logger":"fallback-logger","caller":"logging/config.go:65","msg":"Fetch GitHub commit ID from kodata failed: \"ref: refs/heads/master\" is not a valid GitHub commit ID"}
{"level":"info","ts":1565189315.9958541,"logger":"fallback-logger","caller":"git/git.go:102","msg":"Successfully cloned https://github.com/jenkins-x/go-scm @ 58207241f32476cec3e66de0acc4ccb10b0d6775 in path /workspace/source"}
Step: build-step-git-merge:

Warning failed to load version: failed to parse version -dev+9e73adc0b: No Major.Minor.Patch elements found
time="2019-08-07T14:48:36Z" level=info msg="got "
Using SHAs from PULL_REFS=master:0238554e290537356f76891245e7f058a7f2136b,19:58207241f32476cec3e66de0acc4ccb10b0d6775
ran git fetch --unshallow origin 58207241f32476cec3e66de0acc4ccb10b0d6775: 0238554e290537356f76891245e7f058a7f2136b: in 
ran git checkout master in 
ran git reset --hard 0238554e290537356f76891245e7f058a7f2136b in 
ran clean --force -d . in 
ran git merge 58207241f32476cec3e66de0acc4ccb10b0d6775 in 
Step: build-step-build-make-linux:

go test ./...
go: finding github.com/google/go-cmp v0.3.0
go: finding github.com/h2non/gock v1.0.9
go: finding golang.org/x/oauth2 v0.0.0-20190604053449-0f29369cfe45
go: finding github.com/stretchr/testify v1.3.0
go: finding k8s.io/apimachinery v0.0.0-20190703205208-4cfb76a8bf76
go: finding golang.org/x/net v0.0.0-20190108225652-1e06a53dbb7e
go: finding golang.org/x/sync v0.0.0-20181221193216-37e7f081c4d4
go: finding google.golang.org/appengine v1.4.0
go: finding cloud.google.com/go v0.34.0
go: finding github.com/pmezard/go-difflib v1.0.0
go: finding github.com/davecgh/go-spew v1.1.0
go: finding github.com/stretchr/ob** v0.1.0
go: finding github.com/modern-go/reflect2 v1.0.1
go: finding github.com/gogo/protobuf v1.0.0
go: finding github.com/onsi/ginkgo v1.8.0
go: finding github.com/kr/pretty v0.1.0
go: finding github.com/google/uuid v1.1.1
go: finding github.com/elazarl/goproxy v0.0.0-20170405201442-c4fc26588b6e
go: finding golang.org/x/sys v0.0.0-20190616124812-15dcb6c0061f
go: finding github.com/google/gofuzz v1.0.0
go: finding golang.org/x/net v0.0.0-20180724234803-3673e40ba225
go: finding sigs.k8s.io/yaml v1.1.0
go: finding github.com/modern-go/concurrent v0.0.0-20180306012644-bacd9c7ef1dd
go: finding github.com/onsi/gomega v1.5.0
go: finding github.com/evanphx/json-patch v4.2.0+incompatible
go: finding golang.org/x/text v0.3.2
go: finding github.com/docker/spdystream v0.0.0-20160310174837-449fdfce4d96
go: finding gopkg.in/inf.v0 v0.9.0
go: finding github.com/mxk/go-flowrate v0.0.0-20140419014527-cca7078d478f
go: finding github.com/golang/groupcache v0.0.0-20160516000752-02826c3e7903
go: finding github.com/googleapis/gnostic v0.0.0-20170729233727-0c5108395e2d
go: finding github.com/hashicorp/golang-lru v0.5.0
go: finding golang.org/x/text v0.3.0
go: finding github.com/davecgh/go-spew v1.1.1
go: finding golang.org/x/net v0.0.0-20190613194153-d28f0bde5980
go: finding github.com/golang/protobuf v1.2.0
go: finding github.com/json-iterator/go v1.1.6
go: finding golang.org/x/sys v0.0.0-20190215142949-d0b11bdaac8a
go: finding golang.org/x/sys v0.0.0-20180909124046-d0be0721c37e
go: finding golang.org/x/crypto v0.0.0-20190308221718-c2843e01d9a2
go: finding gopkg.in/yaml.v2 v2.2.1
go: finding github.com/onsi/ginkgo v1.6.0
go: finding k8s.io/kube-openapi v0.0.0-20190228160746-b3a7cee44a30
go: finding github.com/hpcloud/tail v1.0.0
go: finding github.com/kr/text v0.1.0
go: finding github.com/spf13/pflag v1.0.3
go: finding golang.org/x/tools v0.0.0-20180917221912-90fa682c2a6e
go: finding gopkg.in/tomb.v1 v1.0.0-20141024135613-dd632973f1e7
go: finding github.com/fsnotify/fsnotify v1.4.7
go: finding gopkg.in/yaml.v2 v2.2.2
go: finding k8s.io/klog v0.3.1
go: finding golang.org/x/sync v0.0.0-20180314180146-1d60e4601c6f
go: finding github.com/kr/pty v1.1.1
go: finding golang.org/x/net v0.0.0-20180906233101-161cd47e91fd
go: finding gopkg.in/check.v1 v1.0.0-20180628173108-788fd7840127
go: finding gopkg.in/fsnotify.v1 v1.4.7
go: finding gopkg.in/check.v1 v0.0.0-20161208181325-20d25e280405
go: downloading golang.org/x/oauth2 v0.0.0-20190604053449-0f29369cfe45
go: downloading k8s.io/apimachinery v0.0.0-20190703205208-4cfb76a8bf76
go: downloading github.com/google/go-cmp v0.3.0
go: downloading github.com/stretchr/testify v1.3.0
go: downloading golang.org/x/net v0.0.0-20190613194153-d28f0bde5980
go: downloading github.com/h2non/gock v1.0.9
go: downloading github.com/davecgh/go-spew v1.1.1
go: downloading github.com/pmezard/go-difflib v1.0.0
ok  	github.com/jenkins-x/go-scm/scm	0.037s
ok  	github.com/jenkins-x/go-scm/scm/driver/bitbucket	0.102s
?   	github.com/jenkins-x/go-scm/scm/driver/fake	[no test files]
ok  	github.com/jenkins-x/go-scm/scm/driver/gitea	0.156s
ok  	github.com/jenkins-x/go-scm/scm/driver/github	0.096s
ok  	github.com/jenkins-x/go-scm/scm/driver/github/integration	0.047s
ok  	github.com/jenkins-x/go-scm/scm/driver/gitlab	0.071s
ok  	github.com/jenkins-x/go-scm/scm/driver/gitlab/integration	0.019s
ok  	github.com/jenkins-x/go-scm/scm/driver/gogs	0.058s
ok  	github.com/jenkins-x/go-scm/scm/driver/internal/hmac	0.006s
?   	github.com/jenkins-x/go-scm/scm/driver/internal/null	[no test files]
ok  	github.com/jenkins-x/go-scm/scm/driver/stash	0.052s
ok  	github.com/jenkins-x/go-scm/scm/factory	0.008s
?   	github.com/jenkins-x/go-scm/scm/factory/examples/contributors	[no test files]
?   	github.com/jenkins-x/go-scm/scm/factory/examples/helpers	[no test files]
?   	github.com/jenkins-x/go-scm/scm/factory/examples/ref	[no test files]
?   	github.com/jenkins-x/go-scm/scm/factory/examples/repos	[no test files]
ok  	github.com/jenkins-x/go-scm/scm/transport	0.014s
ok  	github.com/jenkins-x/go-scm/scm/transport/internal	0.009s
ok  	github.com/jenkins-x/go-scm/scm/transport/oauth1	0.010s
ok  	github.com/jenkins-x/go-scm/scm/transport/oauth2	0.009s
